build/app/intermediates/manifest_merge_blame_file/debug/manifest-merger-blame-debug-report.txt
1<?xml version="1.0" encoding="utf-8"?>
2<manifest xmlns:android="http://schemas.android.com/apk/res/android"
3    package="com.appycloud.googlemapsroute"
4    android:versionCode="1"
5    android:versionName="1.0.0" >
6
7    <uses-sdk
8        android:minSdkVersion="23"
9        android:targetSdkVersion="34" />
10    <!--
11         Flutter needs it to communicate with the running application
12         to allow setting breakpoints, to provide hot reload, etc.
13    -->
14    <uses-permission android:name="android.permission.INTERNET" />
14-->src\main\AndroidManifest.xml:4:5-66
14-->src\main\AndroidManifest.xml:4:22-64
15    <uses-permission
15-->[:file_picker] AndroidManifest.xml:7:5-9:38
16        android:name="android.permission.READ_EXTERNAL_STORAGE"
16-->[:file_picker] AndroidManifest.xml:8:9-64
17        android:maxSdkVersion="32" />
17-->[:file_picker] AndroidManifest.xml:9:9-35
18
19    <queries>
19-->[:file_picker] AndroidManifest.xml:11:5-17:15
20        <intent>
20-->[:file_picker] AndroidManifest.xml:12:9-16:18
21            <action android:name="android.intent.action.GET_CONTENT" />
21-->[:file_picker] AndroidManifest.xml:13:13-72
21-->[:file_picker] AndroidManifest.xml:13:21-69
22
23            <data android:mimeType="*/*" />
23-->src\main\AndroidManifest.xml:48:17-81
24        </intent>
25        <!-- Needs to be explicitly declared on Android R+ -->
26        <package android:name="com.google.android.apps.maps" />
26-->[com.google.android.gms:play-services-maps:18.2.0] AndroidManifest.xml:33:9-64
26-->[com.google.android.gms:play-services-maps:18.2.0] AndroidManifest.xml:33:18-61
27    </queries>
28
29    <uses-permission android:name="android.permission.ACCESS_NETWORK_STATE" />
29-->[com.google.firebase:firebase-config:22.0.1] AndroidManifest.xml:22:5-79
29-->[com.google.firebase:firebase-config:22.0.1] AndroidManifest.xml:22:22-76
30
31    <uses-feature
31-->[com.google.android.gms:play-services-maps:18.2.0] AndroidManifest.xml:26:5-28:35
32        android:glEsVersion="0x00020000"
32-->[com.google.android.gms:play-services-maps:18.2.0] AndroidManifest.xml:27:9-41
33        android:required="true" />
33-->[com.google.android.gms:play-services-maps:18.2.0] AndroidManifest.xml:28:9-32
34
35    <permission
35-->[androidx.core:core:1.13.1] AndroidManifest.xml:22:5-24:47
36        android:name="com.appycloud.googlemapsroute.DYNAMIC_RECEIVER_NOT_EXPORTED_PERMISSION"
36-->[androidx.core:core:1.13.1] AndroidManifest.xml:23:9-81
37        android:protectionLevel="signature" />
37-->[androidx.core:core:1.13.1] AndroidManifest.xml:24:9-44
38
39    <uses-permission android:name="com.appycloud.googlemapsroute.DYNAMIC_RECEIVER_NOT_EXPORTED_PERMISSION" />
39-->[androidx.core:core:1.13.1] AndroidManifest.xml:26:5-97
39-->[androidx.core:core:1.13.1] AndroidManifest.xml:26:22-94
40
41    <application
41-->src\main\AndroidManifest.xml:7:5-61:19
42        android:appComponentFactory="androidx.core.app.CoreComponentFactory"
42-->[androidx.core:core:1.13.1] AndroidManifest.xml:28:18-86
43        android:debuggable="true"
44        android:extractNativeLibs="false"
45        android:icon="@mipmap/ic_launcher"
45-->src\main\AndroidManifest.xml:10:9-43
46        android:label="capstone 2 "
46-->src\main\AndroidManifest.xml:8:9-36
47        android:requestLegacyExternalStorage="true" >
47-->src\main\AndroidManifest.xml:11:9-52
48        <activity
48-->src\main\AndroidManifest.xml:13:9-51:20
49            android:name="com.appycloud.googlemapsroute.MainActivity"
49-->src\main\AndroidManifest.xml:14:13-41
50            android:configChanges="orientation|keyboardHidden|keyboard|screenSize|smallestScreenSize|locale|layoutDirection|fontScale|screenLayout|density|uiMode"
50-->src\main\AndroidManifest.xml:18:13-163
51            android:exported="true"
51-->src\main\AndroidManifest.xml:15:13-36
52            android:hardwareAccelerated="true"
52-->src\main\AndroidManifest.xml:19:13-47
53            android:launchMode="singleTop"
53-->src\main\AndroidManifest.xml:16:13-43
54            android:theme="@style/LaunchTheme"
54-->src\main\AndroidManifest.xml:17:13-47
55            android:windowSoftInputMode="adjustResize" >
55-->src\main\AndroidManifest.xml:20:13-55
56
57            <!--
58                 Specifies an Android theme to apply to this Activity as soon as
59                 the Android process has started. This theme is visible to the user
60                 while the Flutter UI initializes. After that, this theme continues
61                 to determine the Window background behind the Flutter UI.
62            -->
63            <meta-data
63-->src\main\AndroidManifest.xml:25:13-28:17
64                android:name="io.flutter.embedding.android.NormalTheme"
64-->src\main\AndroidManifest.xml:26:15-70
65                android:resource="@style/NormalTheme" />
65-->src\main\AndroidManifest.xml:27:15-52
66            <!--
67                 Displays an Android View that continues showing the launch screen
68                 Drawable until Flutter paints its first frame, then this splash
69                 screen fades out. A splash screen is useful to avoid any visual
70                 gap between the end of Android's launch screen and the painting of
71                 Flutter's first frame.
72            -->
73            <meta-data
73-->src\main\AndroidManifest.xml:34:13-37:17
74                android:name="io.flutter.embedding.android.SplashScreenDrawable"
74-->src\main\AndroidManifest.xml:35:15-79
75                android:resource="@drawable/launch_background" />
75-->src\main\AndroidManifest.xml:36:15-61
76
77            <intent-filter>
77-->src\main\AndroidManifest.xml:38:13-41:29
78                <action android:name="android.intent.action.MAIN" />
78-->src\main\AndroidManifest.xml:39:17-68
78-->src\main\AndroidManifest.xml:39:25-66
79
80                <category android:name="android.intent.category.LAUNCHER" />
80-->src\main\AndroidManifest.xml:40:17-76
80-->src\main\AndroidManifest.xml:40:27-74
81            </intent-filter>
82            <!-- Deep linking -->
83            <meta-data
83-->src\main\AndroidManifest.xml:43:13-90
84                android:name="flutter_deeplinking_enabled"
84-->src\main\AndroidManifest.xml:43:24-66
85                android:value="true" />
85-->src\main\AndroidManifest.xml:43:67-87
86
87            <intent-filter android:autoVerify="true" >
87-->src\main\AndroidManifest.xml:44:13-49:29
87-->src\main\AndroidManifest.xml:44:28-53
88                <action android:name="android.intent.action.VIEW" />
88-->src\main\AndroidManifest.xml:45:17-69
88-->src\main\AndroidManifest.xml:45:25-66
89
90                <category android:name="android.intent.category.DEFAULT" />
90-->src\main\AndroidManifest.xml:46:17-76
90-->src\main\AndroidManifest.xml:46:27-73
91                <category android:name="android.intent.category.BROWSABLE" />
91-->src\main\AndroidManifest.xml:47:17-78
91-->src\main\AndroidManifest.xml:47:27-75
92
93                <data
93-->src\main\AndroidManifest.xml:48:17-81
94                    android:host="capstone2.com"
94-->src\main\AndroidManifest.xml:48:50-78
95                    android:scheme="capstone2" />
95-->src\main\AndroidManifest.xml:48:23-49
96            </intent-filter>
97        </activity>
98
99        <!--
100             Don't delete the meta-data below.
101             This is used by the Flutter tool to generate GeneratedPluginRegistrant.java
102        -->
103        <meta-data
103-->src\main\AndroidManifest.xml:55:9-57:33
104            android:name="flutterEmbedding"
104-->src\main\AndroidManifest.xml:56:13-44
105            android:value="2" />
105-->src\main\AndroidManifest.xml:57:13-30
106
107        <service
107-->[:firebase_performance] AndroidManifest.xml:10:9-14:19
108            android:name="com.google.firebase.components.ComponentDiscoveryService"
108-->[:firebase_performance] AndroidManifest.xml:10:18-89
109            android:directBootAware="true"
109-->[com.google.firebase:firebase-common:21.0.0] AndroidManifest.xml:32:13-43
110            android:exported="false" >
110-->[com.google.firebase:firebase-perf:21.0.2] AndroidManifest.xml:13:13-37
111            <meta-data
111-->[:firebase_performance] AndroidManifest.xml:11:13-13:85
112                android:name="com.google.firebase.components:io.flutter.plugins.firebase.performance.FlutterFirebaseAppRegistrar"
112-->[:firebase_performance] AndroidManifest.xml:12:17-130
113                android:value="com.google.firebase.components.ComponentRegistrar" />
113-->[:firebase_performance] AndroidManifest.xml:13:17-82
114            <meta-data
114-->[:firebase_core] AndroidManifest.xml:9:13-11:85
115                android:name="com.google.firebase.components:io.flutter.plugins.firebase.core.FlutterFirebaseCoreRegistrar"
115-->[:firebase_core] AndroidManifest.xml:10:17-124
116                android:value="com.google.firebase.components.ComponentRegistrar" />
116-->[:firebase_core] AndroidManifest.xml:11:17-82
117            <meta-data
117-->[com.google.firebase:firebase-perf:21.0.2] AndroidManifest.xml:14:13-16:85
118                android:name="com.google.firebase.components:com.google.firebase.perf.FirebasePerfKtxRegistrar"
118-->[com.google.firebase:firebase-perf:21.0.2] AndroidManifest.xml:15:17-112
119                android:value="com.google.firebase.components.ComponentRegistrar" />
119-->[com.google.firebase:firebase-perf:21.0.2] AndroidManifest.xml:16:17-82
120            <meta-data
120-->[com.google.firebase:firebase-perf:21.0.2] AndroidManifest.xml:17:13-19:85
121                android:name="com.google.firebase.components:com.google.firebase.perf.FirebasePerfRegistrar"
121-->[com.google.firebase:firebase-perf:21.0.2] AndroidManifest.xml:18:17-109
122                android:value="com.google.firebase.components.ComponentRegistrar" />
122-->[com.google.firebase:firebase-perf:21.0.2] AndroidManifest.xml:19:17-82
123            <meta-data
123-->[com.google.firebase:firebase-sessions:2.0.0] AndroidManifest.xml:29:13-31:85
124                android:name="com.google.firebase.components:com.google.firebase.sessions.FirebaseSessionsRegistrar"
124-->[com.google.firebase:firebase-sessions:2.0.0] AndroidManifest.xml:30:17-117
125                android:value="com.google.firebase.components.ComponentRegistrar" />
125-->[com.google.firebase:firebase-sessions:2.0.0] AndroidManifest.xml:31:17-82
126            <meta-data
126-->[com.google.firebase:firebase-config:22.0.1] AndroidManifest.xml:29:13-31:85
127                android:name="com.google.firebase.components:com.google.firebase.remoteconfig.FirebaseRemoteConfigKtxRegistrar"
127-->[com.google.firebase:firebase-config:22.0.1] AndroidManifest.xml:30:17-128
128                android:value="com.google.firebase.components.ComponentRegistrar" />
128-->[com.google.firebase:firebase-config:22.0.1] AndroidManifest.xml:31:17-82
129            <meta-data
129-->[com.google.firebase:firebase-config:22.0.1] AndroidManifest.xml:32:13-34:85
130                android:name="com.google.firebase.components:com.google.firebase.remoteconfig.RemoteConfigRegistrar"
130-->[com.google.firebase:firebase-config:22.0.1] AndroidManifest.xml:33:17-117
131                android:value="com.google.firebase.components.ComponentRegistrar" />
131-->[com.google.firebase:firebase-config:22.0.1] AndroidManifest.xml:34:17-82
132            <meta-data
132-->[com.google.firebase:firebase-installations:18.0.0] AndroidManifest.xml:15:13-17:85
133                android:name="com.google.firebase.components:com.google.firebase.installations.FirebaseInstallationsKtxRegistrar"
133-->[com.google.firebase:firebase-installations:18.0.0] AndroidManifest.xml:16:17-130
134                android:value="com.google.firebase.components.ComponentRegistrar" />
134-->[com.google.firebase:firebase-installations:18.0.0] AndroidManifest.xml:17:17-82
135            <meta-data
135-->[com.google.firebase:firebase-installations:18.0.0] AndroidManifest.xml:18:13-20:85
136                android:name="com.google.firebase.components:com.google.firebase.installations.FirebaseInstallationsRegistrar"
136-->[com.google.firebase:firebase-installations:18.0.0] AndroidManifest.xml:19:17-127
137                android:value="com.google.firebase.components.ComponentRegistrar" />
137-->[com.google.firebase:firebase-installations:18.0.0] AndroidManifest.xml:20:17-82
138            <meta-data
138-->[com.google.firebase:firebase-common-ktx:21.0.0] AndroidManifest.xml:12:13-14:85
139                android:name="com.google.firebase.components:com.google.firebase.ktx.FirebaseCommonLegacyRegistrar"
139-->[com.google.firebase:firebase-common-ktx:21.0.0] AndroidManifest.xml:13:17-116
140                android:value="com.google.firebase.components.ComponentRegistrar" />
140-->[com.google.firebase:firebase-common-ktx:21.0.0] AndroidManifest.xml:14:17-82
141            <meta-data
141-->[com.google.firebase:firebase-common:21.0.0] AndroidManifest.xml:35:13-37:85
142                android:name="com.google.firebase.components:com.google.firebase.FirebaseCommonKtxRegistrar"
142-->[com.google.firebase:firebase-common:21.0.0] AndroidManifest.xml:36:17-109
143                android:value="com.google.firebase.components.ComponentRegistrar" />
143-->[com.google.firebase:firebase-common:21.0.0] AndroidManifest.xml:37:17-82
144            <meta-data
144-->[com.google.firebase:firebase-abt:21.1.1] AndroidManifest.xml:12:13-14:85
145                android:name="com.google.firebase.components:com.google.firebase.abt.component.AbtRegistrar"
145-->[com.google.firebase:firebase-abt:21.1.1] AndroidManifest.xml:13:17-109
146                android:value="com.google.firebase.components.ComponentRegistrar" />
146-->[com.google.firebase:firebase-abt:21.1.1] AndroidManifest.xml:14:17-82
147            <meta-data
147-->[com.google.firebase:firebase-datatransport:18.1.8] AndroidManifest.xml:27:13-29:85
148                android:name="com.google.firebase.components:com.google.firebase.datatransport.TransportRegistrar"
148-->[com.google.firebase:firebase-datatransport:18.1.8] AndroidManifest.xml:28:17-115
149                android:value="com.google.firebase.components.ComponentRegistrar" />
149-->[com.google.firebase:firebase-datatransport:18.1.8] AndroidManifest.xml:29:17-82
150        </service>
151
152        <activity
152-->[:url_launcher_android] AndroidManifest.xml:8:9-11:74
153            android:name="io.flutter.plugins.urllauncher.WebViewActivity"
153-->[:url_launcher_android] AndroidManifest.xml:9:13-74
154            android:exported="false"
154-->[:url_launcher_android] AndroidManifest.xml:10:13-37
155            android:theme="@android:style/Theme.NoTitleBar.Fullscreen" />
155-->[:url_launcher_android] AndroidManifest.xml:11:13-71
156
157        <service
157-->[com.google.firebase:firebase-sessions:2.0.0] AndroidManifest.xml:22:9-25:40
158            android:name="com.google.firebase.sessions.SessionLifecycleService"
158-->[com.google.firebase:firebase-sessions:2.0.0] AndroidManifest.xml:23:13-80
159            android:enabled="true"
159-->[com.google.firebase:firebase-sessions:2.0.0] AndroidManifest.xml:24:13-35
160            android:exported="false" />
160-->[com.google.firebase:firebase-sessions:2.0.0] AndroidManifest.xml:25:13-37
161
162        <uses-library
162-->[androidx.window:window:1.2.0] AndroidManifest.xml:23:9-25:40
163            android:name="androidx.window.extensions"
163-->[androidx.window:window:1.2.0] AndroidManifest.xml:24:13-54
164            android:required="false" />
164-->[androidx.window:window:1.2.0] AndroidManifest.xml:25:13-37
165        <uses-library
165-->[androidx.window:window:1.2.0] AndroidManifest.xml:26:9-28:40
166            android:name="androidx.window.sidecar"
166-->[androidx.window:window:1.2.0] AndroidManifest.xml:27:13-51
167            android:required="false" /> <!-- Needs to be explicitly declared on P+ -->
167-->[androidx.window:window:1.2.0] AndroidManifest.xml:28:13-37
168        <uses-library
168-->[com.google.android.gms:play-services-maps:18.2.0] AndroidManifest.xml:39:9-41:40
169            android:name="org.apache.http.legacy"
169-->[com.google.android.gms:play-services-maps:18.2.0] AndroidManifest.xml:40:13-50
170            android:required="false" />
170-->[com.google.android.gms:play-services-maps:18.2.0] AndroidManifest.xml:41:13-37
171
172        <activity
172-->[com.google.android.gms:play-services-base:18.0.1] AndroidManifest.xml:20:9-22:45
173            android:name="com.google.android.gms.common.api.GoogleApiActivity"
173-->[com.google.android.gms:play-services-base:18.0.1] AndroidManifest.xml:20:19-85
174            android:exported="false"
174-->[com.google.android.gms:play-services-base:18.0.1] AndroidManifest.xml:22:19-43
175            android:theme="@android:style/Theme.Translucent.NoTitleBar" />
175-->[com.google.android.gms:play-services-base:18.0.1] AndroidManifest.xml:21:19-78
176
177        <provider
177-->[com.google.firebase:firebase-common:21.0.0] AndroidManifest.xml:23:9-28:39
178            android:name="com.google.firebase.provider.FirebaseInitProvider"
178-->[com.google.firebase:firebase-common:21.0.0] AndroidManifest.xml:24:13-77
179            android:authorities="com.appycloud.googlemapsroute.firebaseinitprovider"
179-->[com.google.firebase:firebase-common:21.0.0] AndroidManifest.xml:25:13-72
180            android:directBootAware="true"
180-->[com.google.firebase:firebase-common:21.0.0] AndroidManifest.xml:26:13-43
181            android:exported="false"
181-->[com.google.firebase:firebase-common:21.0.0] AndroidManifest.xml:27:13-37
182            android:initOrder="100" />
182-->[com.google.firebase:firebase-common:21.0.0] AndroidManifest.xml:28:13-36
183        <provider
183-->[androidx.lifecycle:lifecycle-process:2.7.0] AndroidManifest.xml:24:9-32:20
184            android:name="androidx.startup.InitializationProvider"
184-->[androidx.lifecycle:lifecycle-process:2.7.0] AndroidManifest.xml:25:13-67
185            android:authorities="com.appycloud.googlemapsroute.androidx-startup"
185-->[androidx.lifecycle:lifecycle-process:2.7.0] AndroidManifest.xml:26:13-68
186            android:exported="false" >
186-->[androidx.lifecycle:lifecycle-process:2.7.0] AndroidManifest.xml:27:13-37
187            <meta-data
187-->[androidx.lifecycle:lifecycle-process:2.7.0] AndroidManifest.xml:29:13-31:52
188                android:name="androidx.lifecycle.ProcessLifecycleInitializer"
188-->[androidx.lifecycle:lifecycle-process:2.7.0] AndroidManifest.xml:30:17-78
189                android:value="androidx.startup" />
189-->[androidx.lifecycle:lifecycle-process:2.7.0] AndroidManifest.xml:31:17-49
190            <meta-data
190-->[androidx.profileinstaller:profileinstaller:1.3.1] AndroidManifest.xml:29:13-31:52
191                android:name="androidx.profileinstaller.ProfileInstallerInitializer"
191-->[androidx.profileinstaller:profileinstaller:1.3.1] AndroidManifest.xml:30:17-85
192                android:value="androidx.startup" />
192-->[androidx.profileinstaller:profileinstaller:1.3.1] AndroidManifest.xml:31:17-49
193        </provider>
194
195        <meta-data
195-->[com.google.android.gms:play-services-basement:18.3.0] AndroidManifest.xml:21:9-23:69
196            android:name="com.google.android.gms.version"
196-->[com.google.android.gms:play-services-basement:18.3.0] AndroidManifest.xml:22:13-58
197            android:value="@integer/google_play_services_version" />
197-->[com.google.android.gms:play-services-basement:18.3.0] AndroidManifest.xml:23:13-66
198
199        <receiver
199-->[androidx.profileinstaller:profileinstaller:1.3.1] AndroidManifest.xml:34:9-52:20
200            android:name="androidx.profileinstaller.ProfileInstallReceiver"
200-->[androidx.profileinstaller:profileinstaller:1.3.1] AndroidManifest.xml:35:13-76
201            android:directBootAware="false"
201-->[androidx.profileinstaller:profileinstaller:1.3.1] AndroidManifest.xml:36:13-44
202            android:enabled="true"
202-->[androidx.profileinstaller:profileinstaller:1.3.1] AndroidManifest.xml:37:13-35
203            android:exported="true"
203-->[androidx.profileinstaller:profileinstaller:1.3.1] AndroidManifest.xml:38:13-36
204            android:permission="android.permission.DUMP" >
204-->[androidx.profileinstaller:profileinstaller:1.3.1] AndroidManifest.xml:39:13-57
205            <intent-filter>
205-->[androidx.profileinstaller:profileinstaller:1.3.1] AndroidManifest.xml:40:13-42:29
206                <action android:name="androidx.profileinstaller.action.INSTALL_PROFILE" />
206-->[androidx.profileinstaller:profileinstaller:1.3.1] AndroidManifest.xml:41:17-91
206-->[androidx.profileinstaller:profileinstaller:1.3.1] AndroidManifest.xml:41:25-88
207            </intent-filter>
208            <intent-filter>
208-->[androidx.profileinstaller:profileinstaller:1.3.1] AndroidManifest.xml:43:13-45:29
209                <action android:name="androidx.profileinstaller.action.SKIP_FILE" />
209-->[androidx.profileinstaller:profileinstaller:1.3.1] AndroidManifest.xml:44:17-85
209-->[androidx.profileinstaller:profileinstaller:1.3.1] AndroidManifest.xml:44:25-82
210            </intent-filter>
211            <intent-filter>
211-->[androidx.profileinstaller:profileinstaller:1.3.1] AndroidManifest.xml:46:13-48:29
212                <action android:name="androidx.profileinstaller.action.SAVE_PROFILE" />
212-->[androidx.profileinstaller:profileinstaller:1.3.1] AndroidManifest.xml:47:17-88
212-->[androidx.profileinstaller:profileinstaller:1.3.1] AndroidManifest.xml:47:25-85
213            </intent-filter>
214            <intent-filter>
214-->[androidx.profileinstaller:profileinstaller:1.3.1] AndroidManifest.xml:49:13-51:29
215                <action android:name="androidx.profileinstaller.action.BENCHMARK_OPERATION" />
215-->[androidx.profileinstaller:profileinstaller:1.3.1] AndroidManifest.xml:50:17-95
215-->[androidx.profileinstaller:profileinstaller:1.3.1] AndroidManifest.xml:50:25-92
216            </intent-filter>
217        </receiver>
218
219        <service
219-->[com.google.android.datatransport:transport-backend-cct:3.1.9] AndroidManifest.xml:28:9-34:19
220            android:name="com.google.android.datatransport.runtime.backends.TransportBackendDiscovery"
220-->[com.google.android.datatransport:transport-backend-cct:3.1.9] AndroidManifest.xml:29:13-103
221            android:exported="false" >
221-->[com.google.android.datatransport:transport-backend-cct:3.1.9] AndroidManifest.xml:30:13-37
222            <meta-data
222-->[com.google.android.datatransport:transport-backend-cct:3.1.9] AndroidManifest.xml:31:13-33:39
223                android:name="backend:com.google.android.datatransport.cct.CctBackendFactory"
223-->[com.google.android.datatransport:transport-backend-cct:3.1.9] AndroidManifest.xml:32:17-94
224                android:value="cct" />
224-->[com.google.android.datatransport:transport-backend-cct:3.1.9] AndroidManifest.xml:33:17-36
225        </service>
226        <service
226-->[com.google.android.datatransport:transport-runtime:3.1.9] AndroidManifest.xml:26:9-30:19
227            android:name="com.google.android.datatransport.runtime.scheduling.jobscheduling.JobInfoSchedulerService"
227-->[com.google.android.datatransport:transport-runtime:3.1.9] AndroidManifest.xml:27:13-117
228            android:exported="false"
228-->[com.google.android.datatransport:transport-runtime:3.1.9] AndroidManifest.xml:28:13-37
229            android:permission="android.permission.BIND_JOB_SERVICE" >
229-->[com.google.android.datatransport:transport-runtime:3.1.9] AndroidManifest.xml:29:13-69
230        </service>
231
232        <receiver
232-->[com.google.android.datatransport:transport-runtime:3.1.9] AndroidManifest.xml:32:9-34:40
233            android:name="com.google.android.datatransport.runtime.scheduling.jobscheduling.AlarmManagerSchedulerBroadcastReceiver"
233-->[com.google.android.datatransport:transport-runtime:3.1.9] AndroidManifest.xml:33:13-132
234            android:exported="false" />
234-->[com.google.android.datatransport:transport-runtime:3.1.9] AndroidManifest.xml:34:13-37
235    </application>
236
237</manifest>